<?xml version="1.0" encoding="UTF-8"?>
<!-- Generated by org.testng.reporters.JUnitReportReporter -->
<testsuite skipped="0" hostname="NGUYENLEPC" name="youtube.com.test.home.UnitTest_Home" tests="1" failures="0" timestamp="05 Mar 2020 22:58:46 GMT" time="85.203" errors="0">
  <testcase name="TestHome" time="85.203" classname="youtube.com.test.home.UnitTest_Home"/>
</testsuite> <!-- youtube.com.test.home.UnitTest_Home -->
