<?xml version="1.0" encoding="UTF-8"?>
<!-- Generated by org.testng.reporters.JUnitReportReporter -->
<testsuite skipped="0" hostname="NGUYENLEPC" name="youtube.com.test.home.HOME_TC_001_JUnit" tests="1" failures="0" timestamp="03 Mar 2020 01:52:11 GMT" time="44.636" errors="0">
  <testcase name="HOME_TC_001" time="44.636" classname="youtube.com.test.home.HOME_TC_001_JUnit"/>
</testsuite> <!-- youtube.com.test.home.HOME_TC_001_JUnit -->
