<?xml version="1.0" encoding="UTF-8"?>
<!-- Generated by org.testng.reporters.JUnitReportReporter -->
<testsuite skipped="0" hostname="NGUYENLEPC" name="youtube.com.test.primary.Primary_TestSuite_Testng" tests="2" failures="0" timestamp="06 Mar 2020 17:11:35 GMT" time="120.309" errors="0">
  <testcase name="PrimaryTest2" time="52.456" classname="youtube.com.test.primary.Primary_TestSuite_Testng"/>
  <testcase name="PrimaryTest1" time="67.853" classname="youtube.com.test.primary.Primary_TestSuite_Testng"/>
</testsuite> <!-- youtube.com.test.primary.Primary_TestSuite_Testng -->
