<?xml version="1.0" encoding="UTF-8"?>
<!-- Generated by org.testng.reporters.JUnitReportReporter -->
<testsuite skipped="0" hostname="NGUYENLEPC" name="youtube.com.test.home.Home_TestSuite_Testng" tests="2" failures="0" timestamp="07 Mar 2020 01:45:10 GMT" time="88.340" errors="0">
  <testcase name="HomeTest1" time="45.315" classname="youtube.com.test.home.Home_TestSuite_Testng"/>
  <testcase name="HomeTest2" time="43.025" classname="youtube.com.test.home.Home_TestSuite_Testng"/>
</testsuite> <!-- youtube.com.test.home.Home_TestSuite_Testng -->
