<?xml version="1.0" encoding="UTF-8"?>
<!-- Generated by org.testng.reporters.JUnitReportReporter -->
<testsuite skipped="0" hostname="NGUYENLEPC" name="youtube.com.test.home.HOME_TC_001_JUnit" tests="1" failures="0" timestamp="04 Mar 2020 17:56:14 GMT" time="39.745" errors="0">
  <testcase name="HOME_TC_001" time="39.745" classname="youtube.com.test.home.HOME_TC_001_JUnit"/>
</testsuite> <!-- youtube.com.test.home.HOME_TC_001_JUnit -->
