<?xml version="1.0" encoding="UTF-8"?>
<!-- Generated by org.testng.reporters.JUnitReportReporter -->
<testsuite skipped="0" hostname="NGUYENLEPC" name="youtube.com.test.home.Home_TestSuite_Testng" tests="2" failures="0" timestamp="07 Mar 2020 01:47:10 GMT" time="82.391" errors="0">
  <testcase name="HomeTest2" time="42.166" classname="youtube.com.test.home.Home_TestSuite_Testng"/>
  <testcase name="HomeTest1" time="40.225" classname="youtube.com.test.home.Home_TestSuite_Testng"/>
</testsuite> <!-- youtube.com.test.home.Home_TestSuite_Testng -->
